TN:
SF:src/app.ts
FNF:0
FNH:0
DA:1,1
DA:2,1
DA:3,1
DA:4,1
DA:5,1
DA:7,1
DA:8,1
DA:9,1
DA:11,1
DA:12,1
DA:14,1
LF:11
LH:11
BRF:0
BRH:0
end_of_record
TN:
SF:src/database.ts
FNF:0
FNH:0
DA:1,2
DA:3,2
DA:4,2
LF:3
LH:3
BRF:0
BRH:0
end_of_record
TN:
SF:src/controllers/recommendationController.ts
FN:6,insert
FN:17,upvote
FN:25,downvote
FN:33,random
FN:39,get
FN:44,getTop
FN:51,getById
FNF:7
FNH:7
FNDA:14,insert
FNDA:4,upvote
FNDA:2,downvote
FNDA:1,random
FNDA:2,get
FNDA:1,getTop
FNDA:3,getById
DA:2,1
DA:3,1
DA:4,1
DA:7,14
DA:8,14
DA:9,1
DA:12,13
DA:14,12
DA:18,4
DA:20,4
DA:22,2
DA:26,2
DA:28,2
DA:30,1
DA:34,1
DA:36,1
DA:40,2
DA:41,2
DA:45,1
DA:47,1
DA:48,1
DA:52,3
DA:54,3
DA:55,3
DA:58,1
LF:25
LH:25
BRDA:8,0,0,1
BRF:1
BRH:1
end_of_record
TN:
SF:src/middlewares/errorHandlerMiddleware.ts
FN:8,errorHandlerMiddleware
FNF:1
FNH:1
FNDA:5,errorHandlerMiddleware
DA:2,1
DA:8,1
DA:14,5
DA:16,5
DA:17,4
DA:20,1
LF:6
LH:6
BRDA:16,0,0,4
BRF:1
BRH:1
end_of_record
TN:
SF:src/repositories/recommendationRepository.ts
FN:5,create
FN:16,findAll
FN:26,getAmountByScore
FN:33,getFindAllFilter
FN:45,find
FN:51,findByName
FN:57,updateScore
FN:66,remove
FNF:8
FNH:7
FNDA:12,create
FNDA:3,findAll
FNDA:1,getAmountByScore
FNDA:3,getFindAllFilter
FNDA:9,find
FNDA:13,findByName
FNDA:3,updateScore
FNDA:0,remove
DA:2,2
DA:6,12
DA:17,3
DA:19,3
DA:27,1
DA:36,3
DA:38,1
DA:40,1
DA:46,9
DA:52,13
DA:58,3
DA:67,0
DA:72,2
LF:13
LH:12
BRDA:36,0,0,2
BRF:1
BRH:1
end_of_record
TN:
SF:src/routers/recommendationRouter.ts
FNF:0
FNH:0
DA:1,1
DA:2,1
DA:4,1
DA:6,1
DA:7,1
DA:8,1
DA:9,1
DA:10,1
DA:11,1
DA:12,1
DA:14,1
LF:11
LH:11
BRF:0
BRH:0
end_of_record
TN:
SF:src/schemas/recommendationsSchemas.ts
FNF:0
FNH:0
DA:1,1
DA:4,1
DA:6,1
LF:3
LH:3
BRF:0
BRH:0
end_of_record
TN:
SF:src/services/recommendationsService.ts
FN:8,insert
FN:18,upvote
FN:24,downvote
FN:37,getByIdOrFail
FN:44,get
FN:48,getTop
FN:52,getRandom
FN:65,getByScore
FN:78,getScoreFilter
FNF:9
FNH:9
FNDA:14,insert
FNDA:4,upvote
FNDA:2,downvote
FNDA:9,getByIdOrFail
FNDA:2,get
FNDA:1,getTop
FNDA:1,getRandom
FNDA:1,getByScore
FNDA:1,getScoreFilter
DA:3,2
DA:4,2
DA:9,14
DA:12,14
DA:13,1
DA:15,13
DA:19,4
DA:21,2
DA:25,2
DA:27,1
DA:32,1
DA:33,0
DA:38,9
DA:39,8
DA:41,6
DA:45,2
DA:49,1
DA:53,1
DA:54,1
DA:56,1
DA:57,1
DA:58,0
DA:61,1
DA:62,1
DA:66,1
DA:71,1
DA:72,1
DA:75,0
DA:79,1
DA:80,0
DA:83,1
DA:86,2
LF:32
LH:28
BRDA:12,0,0,1
BRDA:32,1,0,0
BRDA:39,2,0,2
BRDA:57,3,0,0
BRDA:71,4,0,1
BRDA:79,5,0,0
BRF:6
BRH:3
end_of_record
TN:
SF:src/utils/errorUtils.ts
FN:7,isAppError
FN:11,errorTypeToStatusCode
FN:19,conflictError
FN:23,notFoundError
FN:27,unauthorizedError
FN:31,wrongSchemaError
FNF:6
FNH:5
FNDA:5,isAppError
FNDA:4,errorTypeToStatusCode
FNDA:1,conflictError
FNDA:2,notFoundError
FNDA:0,unauthorizedError
FNDA:1,wrongSchemaError
DA:7,2
DA:8,5
DA:11,2
DA:12,4
DA:13,3
DA:14,1
DA:15,1
DA:16,0
DA:19,2
DA:20,1
DA:23,2
DA:24,2
DA:27,2
DA:28,0
DA:31,2
DA:32,1
LF:16
LH:14
BRDA:12,0,0,1
BRDA:13,1,0,2
BRDA:14,2,0,0
BRDA:15,3,0,1
BRDA:20,4,0,1
BRDA:20,4,1,0
BRDA:20,5,0,1
BRDA:20,5,1,1
BRDA:24,6,0,0
BRDA:24,6,1,2
BRDA:24,7,0,2
BRDA:24,7,1,2
BRDA:28,8,0,0
BRDA:28,8,1,0
BRDA:28,9,0,0
BRDA:28,9,1,0
BRDA:32,10,0,0
BRDA:32,10,1,1
BRDA:32,11,0,1
BRDA:32,11,1,1
BRF:20
BRH:12
end_of_record
TN:
SF:tests/factory/recommendationFactory.ts
FN:3,recommendationFactory
FNF:1
FNH:1
FNDA:12,recommendationFactory
DA:1,1
DA:3,1
DA:4,12
DA:5,12
DA:7,12
LF:5
LH:5
BRF:0
BRH:0
end_of_record
TN:
SF:tests/factory/scenarioFactory.ts
FN:3,deleteAllData
FNF:1
FNH:1
FNDA:12,deleteAllData
DA:1,1
DA:3,1
DA:4,12
LF:3
LH:3
BRF:0
BRH:0
end_of_record
